  deck.cpp
c:\users\ryan\documents\source\repos\scugogrepository\mysql connector c++ 1.1.9\include\cppconn\sqlstring.h(39): warning C4251: 'sql::SQLString::realStr': class 'std::basic_string<char,std::char_traits<char>,std::allocator<char>>' needs to have dll-interface to be used by clients of class 'sql::SQLString'
  C:\Program Files (x86)\Microsoft Visual Studio\2017\Enterprise\VC\Tools\MSVC\14.11.25503\include\xstring(4079): note: see declaration of 'std::basic_string<char,std::char_traits<char>,std::allocator<char>>'
c:\users\ryan\documents\source\repos\scugogrepository\mysql connector c++ 1.1.9\include\cppconn\exception.h(61): warning C4251: 'sql::SQLException::sql_state': class 'std::basic_string<char,std::char_traits<char>,std::allocator<char>>' needs to have dll-interface to be used by clients of class 'sql::SQLException'
  C:\Program Files (x86)\Microsoft Visual Studio\2017\Enterprise\VC\Tools\MSVC\14.11.25503\include\xstring(4079): note: see declaration of 'std::basic_string<char,std::char_traits<char>,std::allocator<char>>'
c:\users\ryan\documents\source\repos\scugogrepository\mysql connector c++ 1.1.9\include\cppconn\exception.h(145): warning C4251: 'sql::SQLUnsupportedOptionException::option': class 'std::basic_string<char,std::char_traits<char>,std::allocator<char>>' needs to have dll-interface to be used by clients of struct 'sql::SQLUnsupportedOptionException'
  C:\Program Files (x86)\Microsoft Visual Studio\2017\Enterprise\VC\Tools\MSVC\14.11.25503\include\xstring(4079): note: see declaration of 'std::basic_string<char,std::char_traits<char>,std::allocator<char>>'
C:\Users\Ryan\Documents\Source\Repos\scugogrepository\MySQL Connector C++ 1.1.9\include\mysql_connection.h(175): warning C4251: 'sql::mysql::MySQL_Connection::proxy': class 'boost::shared_ptr<sql::mysql::NativeAPI::NativeConnectionWrapper>' needs to have dll-interface to be used by clients of class 'sql::mysql::MySQL_Connection'
  C:\Users\Ryan\Documents\Source\Repos\scugogrepository\MySQL Connector C++ 1.1.9\include\mysql_connection.h(175): note: see declaration of 'boost::shared_ptr<sql::mysql::NativeAPI::NativeConnectionWrapper>'
C:\Users\Ryan\Documents\Source\Repos\scugogrepository\MySQL Connector C++ 1.1.9\include\mysql_connection.h(179): warning C4251: 'sql::mysql::MySQL_Connection::service': class 'boost::scoped_ptr<sql::mysql::MySQL_Statement>' needs to have dll-interface to be used by clients of class 'sql::mysql::MySQL_Connection'
  C:\Users\Ryan\Documents\Source\Repos\scugogrepository\MySQL Connector C++ 1.1.9\include\mysql_connection.h(179): note: see declaration of 'boost::scoped_ptr<sql::mysql::MySQL_Statement>'
C:\Users\Ryan\Documents\Source\Repos\scugogrepository\MySQL Connector C++ 1.1.9\include\mysql_connection.h(181): warning C4251: 'sql::mysql::MySQL_Connection::intern': class 'boost::scoped_ptr<sql::mysql::MySQL_ConnectionData>' needs to have dll-interface to be used by clients of class 'sql::mysql::MySQL_Connection'
  C:\Users\Ryan\Documents\Source\Repos\scugogrepository\MySQL Connector C++ 1.1.9\include\mysql_connection.h(181): note: see declaration of 'boost::scoped_ptr<sql::mysql::MySQL_ConnectionData>'
C:\Users\Ryan\Documents\Source\Repos\scugogrepository\MySQL Connector C++ 1.1.9\include\mysql_driver.h(52): warning C4251: 'sql::mysql::MySQL_Driver::proxy': class 'boost::scoped_ptr<sql::mysql::NativeAPI::NativeDriverWrapper>' needs to have dll-interface to be used by clients of class 'sql::mysql::MySQL_Driver'
  C:\Users\Ryan\Documents\Source\Repos\scugogrepository\MySQL Connector C++ 1.1.9\include\mysql_driver.h(52): note: see declaration of 'boost::scoped_ptr<sql::mysql::NativeAPI::NativeDriverWrapper>'
  Generating code
  2 of 1008 functions ( 0.2%) were compiled, the rest were copied from previous compilation.
    0 functions were new in current compilation
    41 functions had inline decision re-evaluated but remain unchanged
  Finished generating code
  scugog_project.vcxproj -> C:\Users\Ryan\Documents\Source\Repos\scugogrepository\scugog_project\Release\scugog_project.exe
