c:\users\ryan\documents\source\repos\scugogrepository\scugog_project\release\vc141.pdb
c:\users\ryan\documents\source\repos\scugogrepository\scugog_project\release\verify_connection.obj
c:\users\ryan\documents\source\repos\scugogrepository\scugog_project\release\verify_sfml.obj
c:\users\ryan\documents\source\repos\scugogrepository\scugog_project\release\stdafx.obj
c:\users\ryan\documents\source\repos\scugogrepository\scugog_project\release\player.obj
c:\users\ryan\documents\source\repos\scugogrepository\scugog_project\release\implementation.obj
c:\users\ryan\documents\source\repos\scugogrepository\scugog_project\release\graveyard.obj
c:\users\ryan\documents\source\repos\scugogrepository\scugog_project\release\environment.obj
c:\users\ryan\documents\source\repos\scugogrepository\scugog_project\release\deck.obj
c:\users\ryan\documents\source\repos\scugogrepository\scugog_project\release\card.obj
c:\users\ryan\documents\source\repos\scugogrepository\scugog_project\release\splashscreen.obj
c:\users\ryan\documents\source\repos\scugogrepository\scugog_project\release\playgame.obj
c:\users\ryan\documents\source\repos\scugogrepository\scugog_project\release\mainmenu.obj
c:\users\ryan\documents\source\repos\scugogrepository\scugog_project\release\main.obj
c:\users\ryan\documents\source\repos\scugogrepository\scugog_project\release\loadingscreen.obj
c:\users\ryan\documents\source\repos\scugogrepository\scugog_project\release\instructions.obj
c:\users\ryan\documents\source\repos\scugogrepository\scugog_project\release\game.obj
c:\users\ryan\documents\source\repos\scugogrepository\scugog_project\release\errorscreen.obj
c:\users\ryan\documents\source\repos\scugogrepository\scugog_project\release\endgamescreen.obj
c:\users\ryan\documents\source\repos\scugogrepository\scugog_project\release\choosedeck2.obj
c:\users\ryan\documents\source\repos\scugogrepository\scugog_project\release\choosedeck1.obj
c:\users\ryan\documents\source\repos\scugogrepository\scugog_project\release\scugog_project.exe
c:\users\ryan\documents\source\repos\scugogrepository\scugog_project\release\scugog_project.pdb
c:\users\ryan\documents\source\repos\scugogrepository\scugog_project\release\scugog_project.ipdb
c:\users\ryan\documents\source\repos\scugogrepository\scugog_project\release\scugog_project.iobj
c:\users\ryan\documents\source\repos\scugogrepository\scugog_project\release\scugog_project.tlog\cl.command.1.tlog
c:\users\ryan\documents\source\repos\scugogrepository\scugog_project\release\scugog_project.tlog\cl.read.1.tlog
c:\users\ryan\documents\source\repos\scugogrepository\scugog_project\release\scugog_project.tlog\cl.write.1.tlog
c:\users\ryan\documents\source\repos\scugogrepository\scugog_project\release\scugog_project.tlog\link.command.1.tlog
c:\users\ryan\documents\source\repos\scugogrepository\scugog_project\release\scugog_project.tlog\link.read.1.tlog
c:\users\ryan\documents\source\repos\scugogrepository\scugog_project\release\scugog_project.tlog\link.write.1.tlog
c:\users\ryan\documents\source\repos\scugogrepository\scugog_project\release\scugog_project.tlog\scugog_project.write.1u.tlog
