c:\users\ryan\documents\source\repos\scugogrepository\scugog_project\debug\vc141.pdb
c:\users\ryan\documents\source\repos\scugogrepository\scugog_project\debug\vc141.idb
c:\users\ryan\documents\source\repos\scugogrepository\scugog_project\debug\verify_connection.obj
c:\users\ryan\documents\source\repos\scugogrepository\scugog_project\debug\card.obj
c:\users\ryan\documents\source\repos\scugogrepository\scugog_project\debug\deck.obj
c:\users\ryan\documents\source\repos\scugogrepository\scugog_project\debug\implementation.obj
c:\users\ryan\documents\source\repos\scugogrepository\scugog_project\debug\player.obj
c:\users\ryan\documents\source\repos\scugogrepository\scugog_project\debug\environment.obj
c:\users\ryan\documents\source\repos\scugogrepository\scugog_project\debug\graveyard.obj
c:\users\ryan\documents\source\repos\scugogrepository\scugog_project\debug\verify_sfml.obj
c:\users\ryan\documents\source\repos\scugogrepository\scugog_project\debug\scugog_project_frontend.ilk
c:\users\ryan\documents\source\repos\scugogrepository\scugog_project\debug\gui.pdb
c:\users\ryan\documents\source\repos\scugogrepository\scugog_project\debug\scugog_project.pdb
c:\users\ryan\documents\source\repos\scugogrepository\scugog_project\debug\scugog_project_frontend.pdb
c:\users\ryan\documents\source\repos\scugogrepository\scugog_project\debug\scugog_project.tlog\cl.command.1.tlog
c:\users\ryan\documents\source\repos\scugogrepository\scugog_project\debug\scugog_project.tlog\cl.read.1.tlog
c:\users\ryan\documents\source\repos\scugogrepository\scugog_project\debug\scugog_project.tlog\cl.write.1.tlog
c:\users\ryan\documents\source\repos\scugogrepository\scugog_project\debug\scugog_project.tlog\link.8364.read.1.tlog
c:\users\ryan\documents\source\repos\scugogrepository\scugog_project\debug\scugog_project.tlog\link.8364.write.1.tlog
c:\users\ryan\documents\source\repos\scugogrepository\scugog_project\debug\scugog_project.tlog\link.command.1.tlog
c:\users\ryan\documents\source\repos\scugogrepository\scugog_project\debug\scugog_project.tlog\link.read.1.tlog
c:\users\ryan\documents\source\repos\scugogrepository\scugog_project\debug\scugog_project.tlog\link.write.1.tlog
